<?xml version="1.0" encoding="UTF-8"?>
<!-- Generated by org.testng.reporters.JUnitXMLReporter -->
<testsuite ignored="5" hostname="LAPTOP-C0QGO0KF" failures="0" tests="0" time="4.493" errors="0" timestamp="08 May 2019 06:03:27 GMT">
  <testcase classname="com.shutapp.createsession.AppiumServer" name="@BeforeSuite startServer" time="0.0">
    <ignored/>
  </testcase> <!-- @BeforeSuite startServer -->
  <testcase classname="com.shutapp.createsession.AppiumServer" name="@BeforeSuite startServer" time="0.0">
    <ignored/>
  </testcase> <!-- @BeforeSuite startServer -->
  <testcase classname="com.shutapp.createsession.AppiumServer" name="@AfterSuite stopServer" time="0.0">
    <ignored/>
  </testcase> <!-- @AfterSuite stopServer -->
  <testcase classname="com.shutapp.createsession.AppiumServer" name="@AfterSuite stopServer" time="0.0">
    <ignored/>
  </testcase> <!-- @AfterSuite stopServer -->
  <testcase classname="com.shutapp.createsession.TestBase" name="@BeforeTest Capabilities" time="0.0">
    <ignored/>
  </testcase> <!-- @BeforeTest Capabilities -->
</testsuite>
