<?xml version="1.0" encoding="UTF-8"?>
<!-- Generated by org.testng.reporters.JUnitXMLReporter -->
<testsuite ignored="0" hostname="LAPTOP-C0QGO0KF" failures="1" tests="1" name="Smoke Test" time="8.124" errors="0" timestamp="07 May 2019 11:38:27 GMT">
  <testcase classname="com.shutapp.onboarding.AddPhoneNumber" name="MobileNumber" time="0.004">
    <failure type="java.lang.NullPointerException">
      <![CDATA[java.lang.NullPointerException
at com.shutapp.onboarding.AddPhoneNumber.MobileNumber(AddPhoneNumber.java:24)
... Removed 25 stack frames]]>
    </failure>
  </testcase> <!-- MobileNumber -->
</testsuite> <!-- Smoke Test -->
