<?xml version="1.0" encoding="UTF-8"?>
<!-- Generated by org.testng.reporters.JUnitXMLReporter -->
<testsuite ignored="0" hostname="SHARATH" failures="0" tests="7" name="Default test" time="237.709" errors="0" timestamp="11 Jun 2019 06:03:38 GMT">
  <testcase classname="com.shutapp.loginflow.AppiumServer" name="MobileNumber" time="28.809"/>
  <testcase classname="com.shutapp.loginflow.AppiumServer" name="EnterUserName" time="30.945"/>
  <testcase classname="com.shutapp.loginflow.AppiumServer" name="WelCome" time="4.627"/>
  <testcase classname="com.shutapp.loginflow.AppiumServer" name="ShutModes" time="11.894"/>
  <testcase classname="com.shutapp.sendBulkmessage.CreatePrivateGroup" name="CreateGroup" time="6.283"/>
  <testcase classname="com.shutapp.sendBulkmessage.CreatePrivateGroup" name="BulkImage" time="15.547"/>
  <testcase classname="com.shutapp.profilepage.ProfilePage" name="AboutPage" time="122.588"/>
</testsuite> <!-- Default test -->
