<?xml version="1.0" encoding="UTF-8"?>
<testng-results ignored="0" total="5" passed="4" failed="1" skipped="0">
  <reporter-output>
  </reporter-output>
  <suite started-at="2019-06-05T13:13:41Z" name="Default suite" finished-at="2019-06-05T13:18:03Z" duration-ms="262841">
    <groups>
    </groups>
    <test started-at="2019-06-05T13:13:41Z" name="Default test" finished-at="2019-06-05T13:18:03Z" duration-ms="262841">
      <class name="com.shutapp.sendBulkmessage.CreatePrivateGroup">
        <test-method is-config="true" signature="startServer()[pri:0, instance:com.shutapp.sendBulkmessage.CreatePrivateGroup@48aaecc3]" started-at="2019-06-05T13:13:31Z" name="startServer" finished-at="2019-06-05T13:13:41Z" duration-ms="10018" status="PASS">
          <reporter-output>
          </reporter-output>
        </test-method> <!-- startServer -->
        <test-method is-config="true" signature="Capabilities()[pri:0, instance:com.shutapp.sendBulkmessage.CreatePrivateGroup@48aaecc3]" started-at="2019-06-05T13:13:41Z" name="Capabilities" finished-at="2019-06-05T13:13:58Z" duration-ms="17309" status="PASS">
          <reporter-output>
          </reporter-output>
        </test-method> <!-- Capabilities -->
        <test-method signature="MobileNumber()[pri:1, instance:com.shutapp.sendBulkmessage.CreatePrivateGroup@48aaecc3]" started-at="2019-06-05T13:13:58Z" name="MobileNumber" finished-at="2019-06-05T13:14:22Z" duration-ms="24214" status="PASS">
          <reporter-output>
          </reporter-output>
        </test-method> <!-- MobileNumber -->
        <test-method signature="EnterUserName()[pri:2, instance:com.shutapp.sendBulkmessage.CreatePrivateGroup@48aaecc3]" started-at="2019-06-05T13:14:22Z" name="EnterUserName" finished-at="2019-06-05T13:15:07Z" duration-ms="44752" status="PASS">
          <reporter-output>
          </reporter-output>
        </test-method> <!-- EnterUserName -->
        <test-method signature="WelCome()[pri:3, instance:com.shutapp.sendBulkmessage.CreatePrivateGroup@48aaecc3]" started-at="2019-06-05T13:15:07Z" name="WelCome" finished-at="2019-06-05T13:15:11Z" duration-ms="4041" status="PASS">
          <reporter-output>
          </reporter-output>
        </test-method> <!-- WelCome -->
        <test-method signature="ShutModes()[pri:4, instance:com.shutapp.sendBulkmessage.CreatePrivateGroup@48aaecc3]" started-at="2019-06-05T13:15:11Z" name="ShutModes" finished-at="2019-06-05T13:15:20Z" duration-ms="9433" status="PASS">
          <reporter-output>
          </reporter-output>
        </test-method> <!-- ShutModes -->
        <test-method signature="CreateGroup()[pri:5, instance:com.shutapp.sendBulkmessage.CreatePrivateGroup@48aaecc3]" started-at="2019-06-05T13:15:20Z" name="CreateGroup" finished-at="2019-06-05T13:18:03Z" duration-ms="163054" status="FAIL">
          <exception class="org.openqa.selenium.StaleElementReferenceException">
            <message>
              <![CDATA[io.appium.uiautomator2.common.exceptions.StaleElementReferenceException: The element 'By.id: in.dbst.shutappv1.dev:id/chat_message_send_fab' does not exist in DOM anymore
at io.appium.uiautomator2.model.KnownElements.getElementFromCache(KnownElements.java:88)
at io.appium.uiautomator2.handler.Click.safeHandle(Click.java:35)
at io.appium.uiautomator2.handler.request.SafeRequestHandler.handle(SafeRequestHandler.java:37)
at io.appium.uiautomator2.server.AppiumServlet.handleRequest(AppiumServlet.java:252)
at io.appium.uiautomator2.server.AppiumServlet.handleHttpRequest(AppiumServlet.java:243)
at io.appium.uiautomator2.http.ServerHandler.channelRead(ServerHandler.java:44)
at io.netty.channel.AbstractChannelHandlerContext.invokeChannelRead(AbstractChannelHandlerContext.java:366)
at io.netty.channel.AbstractChannelHandlerContext.invokeChannelRead(AbstractChannelHandlerContext.java:352)
at io.netty.channel.AbstractChannelHandlerContext.fireChannelRead(AbstractChannelHandlerContext.java:345)
at io.netty.handler.codec.MessageToMessageDecoder.channelRead(MessageToMessageDecoder.java:102)
at io.netty.channel.AbstractChannelHandlerContext.invokeChannelRead(AbstractChannelHandlerContext.java:366)
at io.netty.channel.AbstractChannelHandlerContext.invokeChannelRead(AbstractChannelHandlerContext.java:352)
at io.netty.channel.AbstractChannelHandlerContext.fireChannelRead(AbstractChannelHandlerContext.java:345)
at io.netty.channel.CombinedChannelDuplexHandler$DelegatingChannelHandlerContext.fireChannelRead(CombinedChannelDuplexHandler.java:435)
at io.netty.handler.codec.ByteToMessageDecoder.fireChannelRead(ByteToMessageDecoder.java:293)
at io.netty.handler.codec.ByteToMessageDecoder.channelRead(ByteToMessageDecoder.java:267)
at io.netty.channel.CombinedChannelDuplexHandler.channelRead(CombinedChannelDuplexHandler.java:250)
at io.netty.channel.AbstractChannelHandlerContext.invokeChannelRead(AbstractChannelHandlerContext.java:366)
at io.netty.channel.AbstractChannelHandlerContext.invokeChannelRead(AbstractChannelHandlerContext.java:352)
at io.netty.channel.AbstractChannelHandlerContext.fireChannelRead(AbstractChannelHandlerContext.java:345)
at io.netty.channel.DefaultChannelPipeline$HeadContext.channelRead(DefaultChannelPipeline.java:1294)
at io.netty.channel.AbstractChannelHandlerContext.invokeChannelRead(AbstractChannelHandlerContext.java:366)
at io.netty.channel.AbstractChannelHandlerContext.invokeChannelRead(AbstractChannelHandlerContext.java:352)
at io.netty.channel.DefaultChannelPipeline.fireChannelRead(DefaultChannelPipeline.java:911)
at io.netty.channel.nio.AbstractNioByteChannel$NioByteUnsafe.read(AbstractNioByteChannel.java:131)
at io.netty.channel.nio.NioEventLoop.processSelectedKey(NioEventLoop.java:611)
at io.netty.channel.nio.NioEventLoop.processSelectedKeysOptimized(NioEventLoop.java:552)
at io.netty.channel.nio.NioEventLoop.processSelectedKeys(NioEventLoop.java:466)
at io.netty.channel.nio.NioEventLoop.run(NioEventLoop.java:438)
at io.netty.util.concurrent.SingleThreadEventExecutor$2.run(SingleThreadEventExecutor.java:140)
at io.netty.util.concurrent.DefaultThreadFactory$DefaultRunnableDecorator.run(DefaultThreadFactory.java:144)
at java.lang.Thread.run(Thread.java:764)

For documentation on this error, please visit: https://www.seleniumhq.org/exceptions/stale_element_reference.html
Build info: version: '3.141.59', revision: 'e82be7d358', time: '2018-11-14T08:17:03'
System info: host: 'SHARATH', ip: '192.168.0.174', os.name: 'Windows 10', os.arch: 'amd64', os.version: '10.0', java.version: '12.0.1'
Driver info: io.appium.java_client.android.AndroidDriver
Capabilities {appActivity: in.dbst.shutappv1.ui.compon..., appPackage: in.dbst.shutappv1.dev, automationName: UIAutomator2, databaseEnabled: false, desired: {appActivity: in.dbst.shutappv1.ui.compon..., appPackage: in.dbst.shutappv1.dev, automationName: UIAutomator2, deviceName: Mi A2, noReset: false, platformName: android, platformVersion: 9}, deviceApiLevel: 28, deviceManufacturer: Xiaomi, deviceModel: Mi A2, deviceName: 4da52af, deviceScreenDensity: 480, deviceScreenSize: 1080x2160, deviceUDID: 4da52af, javascriptEnabled: true, locationContextEnabled: false, networkConnectionEnabled: true, noReset: false, pixelRatio: 3, platform: LINUX, platformName: Android, platformVersion: 9, statBarHeight: 72, takesScreenshot: true, viewportRect: {height: 1944, left: 0, top: 72, width: 1080}, warnings: {}, webStorageEnabled: false}
Session ID: a67e8dbd-77ae-4b37-89c2-1573ec899834]]>
            </message>
            <full-stacktrace>
              <![CDATA[org.openqa.selenium.StaleElementReferenceException: io.appium.uiautomator2.common.exceptions.StaleElementReferenceException: The element 'By.id: in.dbst.shutappv1.dev:id/chat_message_send_fab' does not exist in DOM anymore
at io.appium.uiautomator2.model.KnownElements.getElementFromCache(KnownElements.java:88)
at io.appium.uiautomator2.handler.Click.safeHandle(Click.java:35)
at io.appium.uiautomator2.handler.request.SafeRequestHandler.handle(SafeRequestHandler.java:37)
at io.appium.uiautomator2.server.AppiumServlet.handleRequest(AppiumServlet.java:252)
at io.appium.uiautomator2.server.AppiumServlet.handleHttpRequest(AppiumServlet.java:243)
at io.appium.uiautomator2.http.ServerHandler.channelRead(ServerHandler.java:44)
at io.netty.channel.AbstractChannelHandlerContext.invokeChannelRead(AbstractChannelHandlerContext.java:366)
at io.netty.channel.AbstractChannelHandlerContext.invokeChannelRead(AbstractChannelHandlerContext.java:352)
at io.netty.channel.AbstractChannelHandlerContext.fireChannelRead(AbstractChannelHandlerContext.java:345)
at io.netty.handler.codec.MessageToMessageDecoder.channelRead(MessageToMessageDecoder.java:102)
at io.netty.channel.AbstractChannelHandlerContext.invokeChannelRead(AbstractChannelHandlerContext.java:366)
at io.netty.channel.AbstractChannelHandlerContext.invokeChannelRead(AbstractChannelHandlerContext.java:352)
at io.netty.channel.AbstractChannelHandlerContext.fireChannelRead(AbstractChannelHandlerContext.java:345)
at io.netty.channel.CombinedChannelDuplexHandler$DelegatingChannelHandlerContext.fireChannelRead(CombinedChannelDuplexHandler.java:435)
at io.netty.handler.codec.ByteToMessageDecoder.fireChannelRead(ByteToMessageDecoder.java:293)
at io.netty.handler.codec.ByteToMessageDecoder.channelRead(ByteToMessageDecoder.java:267)
at io.netty.channel.CombinedChannelDuplexHandler.channelRead(CombinedChannelDuplexHandler.java:250)
at io.netty.channel.AbstractChannelHandlerContext.invokeChannelRead(AbstractChannelHandlerContext.java:366)
at io.netty.channel.AbstractChannelHandlerContext.invokeChannelRead(AbstractChannelHandlerContext.java:352)
at io.netty.channel.AbstractChannelHandlerContext.fireChannelRead(AbstractChannelHandlerContext.java:345)
at io.netty.channel.DefaultChannelPipeline$HeadContext.channelRead(DefaultChannelPipeline.java:1294)
at io.netty.channel.AbstractChannelHandlerContext.invokeChannelRead(AbstractChannelHandlerContext.java:366)
at io.netty.channel.AbstractChannelHandlerContext.invokeChannelRead(AbstractChannelHandlerContext.java:352)
at io.netty.channel.DefaultChannelPipeline.fireChannelRead(DefaultChannelPipeline.java:911)
at io.netty.channel.nio.AbstractNioByteChannel$NioByteUnsafe.read(AbstractNioByteChannel.java:131)
at io.netty.channel.nio.NioEventLoop.processSelectedKey(NioEventLoop.java:611)
at io.netty.channel.nio.NioEventLoop.processSelectedKeysOptimized(NioEventLoop.java:552)
at io.netty.channel.nio.NioEventLoop.processSelectedKeys(NioEventLoop.java:466)
at io.netty.channel.nio.NioEventLoop.run(NioEventLoop.java:438)
at io.netty.util.concurrent.SingleThreadEventExecutor$2.run(SingleThreadEventExecutor.java:140)
at io.netty.util.concurrent.DefaultThreadFactory$DefaultRunnableDecorator.run(DefaultThreadFactory.java:144)
at java.lang.Thread.run(Thread.java:764)

For documentation on this error, please visit: https://www.seleniumhq.org/exceptions/stale_element_reference.html
Build info: version: '3.141.59', revision: 'e82be7d358', time: '2018-11-14T08:17:03'
System info: host: 'SHARATH', ip: '192.168.0.174', os.name: 'Windows 10', os.arch: 'amd64', os.version: '10.0', java.version: '12.0.1'
Driver info: io.appium.java_client.android.AndroidDriver
Capabilities {appActivity: in.dbst.shutappv1.ui.compon..., appPackage: in.dbst.shutappv1.dev, automationName: UIAutomator2, databaseEnabled: false, desired: {appActivity: in.dbst.shutappv1.ui.compon..., appPackage: in.dbst.shutappv1.dev, automationName: UIAutomator2, deviceName: Mi A2, noReset: false, platformName: android, platformVersion: 9}, deviceApiLevel: 28, deviceManufacturer: Xiaomi, deviceModel: Mi A2, deviceName: 4da52af, deviceScreenDensity: 480, deviceScreenSize: 1080x2160, deviceUDID: 4da52af, javascriptEnabled: true, locationContextEnabled: false, networkConnectionEnabled: true, noReset: false, pixelRatio: 3, platform: LINUX, platformName: Android, platformVersion: 9, statBarHeight: 72, takesScreenshot: true, viewportRect: {height: 1944, left: 0, top: 72, width: 1080}, warnings: {}, webStorageEnabled: false}
Session ID: a67e8dbd-77ae-4b37-89c2-1573ec899834
at java.base/jdk.internal.reflect.NativeConstructorAccessorImpl.newInstance0(Native Method)
at java.base/jdk.internal.reflect.NativeConstructorAccessorImpl.newInstance(NativeConstructorAccessorImpl.java:62)
at java.base/jdk.internal.reflect.DelegatingConstructorAccessorImpl.newInstance(DelegatingConstructorAccessorImpl.java:45)
at java.base/java.lang.reflect.Constructor.newInstanceWithCaller(Constructor.java:500)
at java.base/java.lang.reflect.Constructor.newInstance(Constructor.java:481)
at org.openqa.selenium.remote.http.W3CHttpResponseCodec.createException(W3CHttpResponseCodec.java:187)
at org.openqa.selenium.remote.http.W3CHttpResponseCodec.decode(W3CHttpResponseCodec.java:122)
at org.openqa.selenium.remote.http.W3CHttpResponseCodec.decode(W3CHttpResponseCodec.java:49)
at org.openqa.selenium.remote.HttpCommandExecutor.execute(HttpCommandExecutor.java:158)
at io.appium.java_client.remote.AppiumCommandExecutor.execute(AppiumCommandExecutor.java:239)
at org.openqa.selenium.remote.RemoteWebDriver.execute(RemoteWebDriver.java:552)
at io.appium.java_client.DefaultGenericMobileDriver.execute(DefaultGenericMobileDriver.java:42)
at io.appium.java_client.AppiumDriver.execute(AppiumDriver.java:1)
at io.appium.java_client.android.AndroidDriver.execute(AndroidDriver.java:1)
at org.openqa.selenium.remote.RemoteWebElement.execute(RemoteWebElement.java:285)
at io.appium.java_client.DefaultGenericMobileElement.execute(DefaultGenericMobileElement.java:45)
at io.appium.java_client.MobileElement.execute(MobileElement.java:1)
at io.appium.java_client.android.AndroidElement.execute(AndroidElement.java:1)
at org.openqa.selenium.remote.RemoteWebElement.click(RemoteWebElement.java:84)
at com.shutapp.sendBulkmessage.CreatePrivateGroup.CreateGroup(CreatePrivateGroup.java:90)
at java.base/jdk.internal.reflect.NativeMethodAccessorImpl.invoke0(Native Method)
at java.base/jdk.internal.reflect.NativeMethodAccessorImpl.invoke(NativeMethodAccessorImpl.java:62)
at java.base/jdk.internal.reflect.DelegatingMethodAccessorImpl.invoke(DelegatingMethodAccessorImpl.java:43)
at java.base/java.lang.reflect.Method.invoke(Method.java:567)
at org.testng.internal.MethodInvocationHelper.invokeMethod(MethodInvocationHelper.java:124)
at org.testng.internal.Invoker.invokeMethod(Invoker.java:583)
at org.testng.internal.Invoker.invokeTestMethod(Invoker.java:719)
at org.testng.internal.Invoker.invokeTestMethods(Invoker.java:989)
at org.testng.internal.TestMethodWorker.invokeTestMethods(TestMethodWorker.java:125)
at org.testng.internal.TestMethodWorker.run(TestMethodWorker.java:109)
at org.testng.TestRunner.privateRun(TestRunner.java:648)
at org.testng.TestRunner.run(TestRunner.java:505)
at org.testng.SuiteRunner.runTest(SuiteRunner.java:455)
at org.testng.SuiteRunner.runSequentially(SuiteRunner.java:450)
at org.testng.SuiteRunner.privateRun(SuiteRunner.java:415)
at org.testng.SuiteRunner.run(SuiteRunner.java:364)
at org.testng.SuiteRunnerWorker.runSuite(SuiteRunnerWorker.java:52)
at org.testng.SuiteRunnerWorker.run(SuiteRunnerWorker.java:84)
at org.testng.TestNG.runSuitesSequentially(TestNG.java:1208)
at org.testng.TestNG.runSuitesLocally(TestNG.java:1137)
at org.testng.TestNG.runSuites(TestNG.java:1049)
at org.testng.TestNG.run(TestNG.java:1017)
at org.testng.remote.AbstractRemoteTestNG.run(AbstractRemoteTestNG.java:115)
at org.testng.remote.RemoteTestNG.initAndRun(RemoteTestNG.java:251)
at org.testng.remote.RemoteTestNG.main(RemoteTestNG.java:77)
]]>
            </full-stacktrace>
          </exception> <!-- org.openqa.selenium.StaleElementReferenceException -->
          <reporter-output>
          </reporter-output>
        </test-method> <!-- CreateGroup -->
      </class> <!-- com.shutapp.sendBulkmessage.CreatePrivateGroup -->
    </test> <!-- Default test -->
  </suite> <!-- Default suite -->
</testng-results>
