<?xml version="1.0" encoding="UTF-8"?>
<!-- Generated by org.testng.reporters.JUnitXMLReporter -->
<testsuite ignored="10" hostname="LAPTOP-C0QGO0KF" failures="1" tests="1" name="Smoke Test" time="100.689" errors="0" timestamp="21 May 2019 07:33:12 GMT">
  <testcase classname="com.dbst.createsession.ShutMode" name="ShutModes" time="100.644">
    <failure type="org.openqa.selenium.WebDriverException" message="Connection refused: connect
Build info: version: &amp;apos;3.141.59&amp;apos;, revision: &amp;apos;e82be7d358&amp;apos;, time: &amp;apos;2018-11-14T08:17:03&amp;apos;
System info: host: &amp;apos;LAPTOP-C0QGO0KF&amp;apos;, ip: &amp;apos;192.168.0.175&amp;apos;, os.name: &amp;apos;Windows 10&amp;apos;, os.arch: &amp;apos;amd64&amp;apos;, os.version: &amp;apos;10.0&amp;apos;, java.version: &amp;apos;12.0.1&amp;apos;
Driver info: driver.version: AndroidDriver">
      <![CDATA[org.openqa.selenium.WebDriverException: Connection refused: connect
Build info: version: '3.141.59', revision: 'e82be7d358', time: '2018-11-14T08:17:03'
System info: host: 'LAPTOP-C0QGO0KF', ip: '192.168.0.175', os.name: 'Windows 10', os.arch: 'amd64', os.version: '10.0', java.version: '12.0.1'
Driver info: driver.version: AndroidDriver
at io.appium.java_client.remote.AppiumCommandExecutor.lambda$5(AppiumCommandExecutor.java:251)
at java.base/java.util.Optional.orElseGet(Optional.java:369)
at io.appium.java_client.remote.AppiumCommandExecutor.execute(AppiumCommandExecutor.java:250)
at org.openqa.selenium.remote.RemoteWebDriver.execute(RemoteWebDriver.java:552)
at io.appium.java_client.DefaultGenericMobileDriver.execute(DefaultGenericMobileDriver.java:42)
at io.appium.java_client.AppiumDriver.execute(AppiumDriver.java:1)
at io.appium.java_client.android.AndroidDriver.execute(AndroidDriver.java:1)
at org.openqa.selenium.remote.RemoteWebDriver.findElement(RemoteWebDriver.java:323)
at io.appium.java_client.DefaultGenericMobileDriver.findElement(DefaultGenericMobileDriver.java:62)
at io.appium.java_client.AppiumDriver.findElement(AppiumDriver.java:1)
at io.appium.java_client.android.AndroidDriver.findElement(AndroidDriver.java:1)
at org.openqa.selenium.remote.RemoteWebDriver.findElementById(RemoteWebDriver.java:372)
at io.appium.java_client.DefaultGenericMobileDriver.findElementById(DefaultGenericMobileDriver.java:70)
at io.appium.java_client.AppiumDriver.findElementById(AppiumDriver.java:1)
at io.appium.java_client.android.AndroidDriver.findElementById(AndroidDriver.java:1)
at com.dbst.createsession.ShutMode.ShutModes(ShutMode.java:53)
Caused by: java.net.ConnectException: Connection refused: connect
at java.base/java.net.PlainSocketImpl.waitForConnect(Native Method)
at java.base/java.net.PlainSocketImpl.socketConnect(PlainSocketImpl.java:107)
at java.base/java.net.AbstractPlainSocketImpl.doConnect(AbstractPlainSocketImpl.java:399)
at java.base/java.net.AbstractPlainSocketImpl.connectToAddress(AbstractPlainSocketImpl.java:242)
at java.base/java.net.AbstractPlainSocketImpl.connect(AbstractPlainSocketImpl.java:224)
at java.base/java.net.SocksSocketImpl.connect(SocksSocketImpl.java:403)
at java.base/java.net.Socket.connect(Socket.java:591)
at okhttp3.internal.platform.Platform.connectSocket(Platform.java:129)
at okhttp3.internal.connection.RealConnection.connectSocket(RealConnection.java:245)
at okhttp3.internal.connection.RealConnection.connect(RealConnection.java:165)
at okhttp3.internal.connection.StreamAllocation.findConnection(StreamAllocation.java:257)
at okhttp3.internal.connection.StreamAllocation.findHealthyConnection(StreamAllocation.java:135)
at okhttp3.internal.connection.StreamAllocation.newStream(StreamAllocation.java:114)
at okhttp3.internal.connection.ConnectInterceptor.intercept(ConnectInterceptor.java:42)
at okhttp3.internal.http.RealInterceptorChain.proceed(RealInterceptorChain.java:147)
at okhttp3.internal.http.RealInterceptorChain.proceed(RealInterceptorChain.java:121)
at okhttp3.internal.cache.CacheInterceptor.intercept(CacheInterceptor.java:93)
at okhttp3.internal.http.RealInterceptorChain.proceed(RealInterceptorChain.java:147)
at okhttp3.internal.http.RealInterceptorChain.proceed(RealInterceptorChain.java:121)
at okhttp3.internal.http.BridgeInterceptor.intercept(BridgeInterceptor.java:93)
at okhttp3.internal.http.RealInterceptorChain.proceed(RealInterceptorChain.java:147)
at okhttp3.internal.http.RetryAndFollowUpInterceptor.intercept(RetryAndFollowUpInterceptor.java:126)
at okhttp3.internal.http.RealInterceptorChain.proceed(RealInterceptorChain.java:147)
at okhttp3.internal.http.RealInterceptorChain.proceed(RealInterceptorChain.java:121)
at okhttp3.RealCall.getResponseWithInterceptorChain(RealCall.java:200)
at okhttp3.RealCall.execute(RealCall.java:77)
at org.openqa.selenium.remote.internal.OkHttpClient.execute(OkHttpClient.java:103)
at org.openqa.selenium.remote.HttpCommandExecutor.execute(HttpCommandExecutor.java:155)
at io.appium.java_client.remote.AppiumCommandExecutor.execute(AppiumCommandExecutor.java:239)
... 38 more
... Removed 25 stack frames]]>
    </failure>
  </testcase> <!-- ShutModes -->
  <testcase classname="com.dbst.createsession.AppiumServer" name="@BeforeSuite startServer" time="0.0">
    <ignored/>
  </testcase> <!-- @BeforeSuite startServer -->
  <testcase classname="com.dbst.createsession.AppiumServer" name="@BeforeSuite startServer" time="0.0">
    <ignored/>
  </testcase> <!-- @BeforeSuite startServer -->
  <testcase classname="com.dbst.createsession.AppiumServer" name="@BeforeSuite startServer" time="0.0">
    <ignored/>
  </testcase> <!-- @BeforeSuite startServer -->
  <testcase classname="com.dbst.createsession.AppiumServer" name="@BeforeSuite startServer" time="0.0">
    <ignored/>
  </testcase> <!-- @BeforeSuite startServer -->
  <testcase classname="com.dbst.createsession.AppiumServer" name="@BeforeSuite startServer" time="0.0">
    <ignored/>
  </testcase> <!-- @BeforeSuite startServer -->
  <testcase classname="com.dbst.createsession.AppiumServer" name="@AfterSuite stopServer" time="0.0">
    <ignored/>
  </testcase> <!-- @AfterSuite stopServer -->
  <testcase classname="com.dbst.createsession.AppiumServer" name="@AfterSuite stopServer" time="0.0">
    <ignored/>
  </testcase> <!-- @AfterSuite stopServer -->
  <testcase classname="com.dbst.createsession.AppiumServer" name="@AfterSuite stopServer" time="0.0">
    <ignored/>
  </testcase> <!-- @AfterSuite stopServer -->
  <testcase classname="com.dbst.createsession.AppiumServer" name="@AfterSuite stopServer" time="0.0">
    <ignored/>
  </testcase> <!-- @AfterSuite stopServer -->
  <testcase classname="com.dbst.createsession.AppiumServer" name="@AfterSuite stopServer" time="0.0">
    <ignored/>
  </testcase> <!-- @AfterSuite stopServer -->
</testsuite> <!-- Smoke Test -->
