<?xml version="1.0" encoding="UTF-8"?>
<!-- Generated by org.testng.reporters.JUnitXMLReporter -->
<testsuite ignored="0" hostname="SHARATH" failures="0" tests="4" name="Smoke Test" time="107.012" errors="0" timestamp="25 May 2019 06:59:35 GMT">
  <testcase classname="com.shutapp.loginflow.AppiumServer" name="MobileNumber" time="9.48"/>
  <testcase classname="com.shutapp.loginflow.AppiumServer" name="EnterUserName" time="59.659"/>
  <testcase classname="com.shutapp.loginflow.AppiumServer" name="WelCome" time="3.062"/>
  <testcase classname="com.shutapp.loginflow.AppiumServer" name="ShutModes" time="23.155"/>
</testsuite> <!-- Smoke Test -->
